\BOOKMARK [0][-]{Doc-Start}{摘要 }{}% 1
\BOOKMARK [0][-]{Doc-Start}{Abstract\040}{}% 2
\BOOKMARK [0][-]{chapter.1}{第一章 引言}{}% 3
\BOOKMARK [1][-]{section.1.1}{第一节 研究背景}{chapter.1}% 4
\BOOKMARK [1][-]{section.1.2}{第二节 研究现状}{chapter.1}% 5
\BOOKMARK [1][-]{section.1.3}{第三节 本文主要工作}{chapter.1}% 6
\BOOKMARK [1][-]{section.1.4}{第四节 本文的组织结构}{chapter.1}% 7
\BOOKMARK [0][-]{chapter.2}{第二章 相关研究}{}% 8
\BOOKMARK [1][-]{section.2.1}{第一节 VoIP简介}{chapter.2}% 9
\BOOKMARK [2][-]{subsection.2.1.1}{2.1.1 信令控制协议}{section.2.1}% 10
\BOOKMARK [2][-]{subsection.2.1.2}{2.1.2 实时传输协议}{section.2.1}% 11
\BOOKMARK [1][-]{section.2.2}{第二节 传统流量识别与VoIP流量识别方法}{chapter.2}% 12
\BOOKMARK [1][-]{section.2.3}{第三节 长短期记忆网络}{chapter.2}% 13
\BOOKMARK [1][-]{section.2.4}{第四节 神经网络}{chapter.2}% 14
\BOOKMARK [1][-]{section.2.5}{第五节 本章小结}{chapter.2}% 15
\BOOKMARK [1][-]{section.2.6}{第六节 传统流量分类方法}{chapter.2}% 16
\BOOKMARK [2][-]{subsection.2.6.1}{2.6.1 基于端口匹配的方法}{section.2.6}% 17
\BOOKMARK [2][-]{subsection.2.6.2}{2.6.2 基于深度包检测的方法}{section.2.6}% 18
\BOOKMARK [2][-]{subsection.2.6.3}{2.6.3 基于主机行为分析的方法}{section.2.6}% 19
\BOOKMARK [2][-]{subsection.2.6.4}{2.6.4 基于统计学习的方法}{section.2.6}% 20
\BOOKMARK [1][-]{section.2.7}{第七节 移动应用流量分类方法}{chapter.2}% 21
\BOOKMARK [1][-]{section.2.8}{第八节 卷积神经网络}{chapter.2}% 22
\BOOKMARK [2][-]{subsection.2.8.1}{2.8.1 研究进展}{section.2.8}% 23
\BOOKMARK [2][-]{subsection.2.8.2}{2.8.2 理论基础}{section.2.8}% 24
\BOOKMARK [1][-]{section.2.9}{第九节 本章小结}{chapter.2}% 25
\BOOKMARK [0][-]{chapter.3}{第三章 基于CLNN模型的VoIP流量实时识别研究}{}% 26
\BOOKMARK [1][-]{section.3.1}{第一节 VoIP特征分析}{chapter.3}% 27
\BOOKMARK [2][-]{subsection.3.1.1}{3.1.1 基本网络特征}{section.3.1}% 28
\BOOKMARK [2][-]{subsection.3.1.2}{3.1.2 统计特征}{section.3.1}% 29
\BOOKMARK [1][-]{section.3.2}{第二节 基于CLNN模型的特征提取研究}{chapter.3}% 30
\BOOKMARK [2][-]{subsection.3.2.1}{3.2.1 实时识别基础}{section.3.2}% 31
\BOOKMARK [2][-]{subsection.3.2.2}{3.2.2 VoIP子流数据集构造方法}{section.3.2}% 32
\BOOKMARK [2][-]{subsection.3.2.3}{3.2.3 CLNN模型研究}{section.3.2}% 33
\BOOKMARK [1][-]{section.3.3}{第三节 在线实时识别方法研究}{chapter.3}% 34
\BOOKMARK [2][-]{subsection.3.3.1}{3.3.1 流量捕获器}{section.3.3}% 35
\BOOKMARK [2][-]{subsection.3.3.2}{3.3.2 VoIP流过滤器}{section.3.3}% 36
\BOOKMARK [2][-]{subsection.3.3.3}{3.3.3 分类器}{section.3.3}% 37
\BOOKMARK [1][-]{section.3.4}{第四节 本章小结}{chapter.3}% 38
\BOOKMARK [0][-]{chapter.4}{第四章 VoIP流量实时识别系统实现}{}% 39
\BOOKMARK [1][-]{section.4.1}{第一节 框架设计}{chapter.4}% 40
\BOOKMARK [2][-]{subsection.4.1.1}{4.1.1 离线训练阶段}{section.4.1}% 41
\BOOKMARK [2][-]{subsection.4.1.2}{4.1.2 在线识别阶段}{section.4.1}% 42
\BOOKMARK [1][-]{section.4.2}{第二节 数据集构造}{chapter.4}% 43
\BOOKMARK [2][-]{subsection.4.2.1}{4.2.1 原始数据收集}{section.4.2}% 44
\BOOKMARK [2][-]{subsection.4.2.2}{4.2.2 数据预处理}{section.4.2}% 45
\BOOKMARK [1][-]{section.4.3}{第三节 CLNN模型离线训练}{chapter.4}% 46
\BOOKMARK [2][-]{subsection.4.3.1}{4.3.1 模型基本结构}{section.4.3}% 47
\BOOKMARK [2][-]{subsection.4.3.2}{4.3.2 Keras搭建模型}{section.4.3}% 48
\BOOKMARK [2][-]{subsection.4.3.3}{4.3.3 迭代训练}{section.4.3}% 49
\BOOKMARK [2][-]{subsection.4.3.4}{4.3.4 模型保存}{section.4.3}% 50
\BOOKMARK [1][-]{section.4.4}{第四节 VoIP流量实时识别系统}{chapter.4}% 51
\BOOKMARK [2][-]{subsection.4.4.1}{4.4.1 Kafka模块}{section.4.4}% 52
\BOOKMARK [2][-]{subsection.4.4.2}{4.4.2 Storm模块}{section.4.4}% 53
\BOOKMARK [1][-]{section.4.5}{第五节 本章小结}{chapter.4}% 54
\BOOKMARK [0][-]{chapter.5}{第五章 实验结果和性能评估}{}% 55
\BOOKMARK [1][-]{section.5.1}{第一节 实验基础}{chapter.5}% 56
\BOOKMARK [2][-]{subsection.5.1.1}{5.1.1 实验环境}{section.5.1}% 57
\BOOKMARK [2][-]{subsection.5.1.2}{5.1.2 数据集}{section.5.1}% 58
\BOOKMARK [2][-]{subsection.5.1.3}{5.1.3 训练参数}{section.5.1}% 59
\BOOKMARK [1][-]{section.5.2}{第二节 CLNN模型评估}{chapter.5}% 60
\BOOKMARK [2][-]{subsection.5.2.1}{5.2.1 评估指标}{section.5.2}% 61
\BOOKMARK [2][-]{subsection.5.2.2}{5.2.2 识别性能评估}{section.5.2}% 62
\BOOKMARK [1][-]{section.5.3}{第三节 实验对比}{chapter.5}% 63
\BOOKMARK [2][-]{subsection.5.3.1}{5.3.1 特征集对比}{section.5.3}% 64
\BOOKMARK [2][-]{subsection.5.3.2}{5.3.2 其他方法对比}{section.5.3}% 65
\BOOKMARK [1][-]{section.5.4}{第四节 实时性评估}{chapter.5}% 66
\BOOKMARK [1][-]{section.5.5}{第五节 本章小结}{chapter.5}% 67
\BOOKMARK [0][-]{chapter.6}{第六章 总结与展望}{}% 68
\BOOKMARK [1][-]{section.6.1}{第一节 论文总结}{chapter.6}% 69
\BOOKMARK [1][-]{section.6.2}{第二节 问题和展望}{chapter.6}% 70
\BOOKMARK [0][-]{section.6.2}{参考文献 }{}% 71
\BOOKMARK [0][-]{section.6.2}{图清单 }{}% 72
\BOOKMARK [0][-]{section.6.2}{表清单 }{}% 73
\BOOKMARK [0][-]{section.6.2}{致谢 }{}% 74
\BOOKMARK [0][-]{section.6.2}{个人简历 }{}% 75
